<?xml version="1.0" encoding="UTF-8"?>
<!-- Generated by org.testng.reporters.JUnitXMLReporter -->
<testsuite hostname="QT-INBG-LT0313" name="Test" tests="3" failures="0" timestamp="31 Dec 2020 13:39:02 GMT" time="71.696" errors="0">
  <testcase name="validateTitle" time="0.179" classname="Resources.ValidateTitle"/>
  <testcase name="basePageNavigation" time="13.594" classname="Resources.BaseTest"/>
  <testcase name="basePageNavigation" time="3.079" classname="Resources.BaseTest"/>
</testsuite> <!-- Test -->
