<?xml version="1.0" encoding="UTF-8"?>
<!-- Generated by org.testng.reporters.JUnitXMLReporter -->
<testsuite hostname="QT-INBG-LT0313" ignored="0" name="Test" tests="3" failures="0" timestamp="2020-12-31T19:15:33 IST" time="69.7" errors="0">
  <testcase name="validateTitle" time="0.097" classname="Resources.ValidateTitle"/>
  <testcase name="basePageNavigation" time="23.83" classname="Resources.BaseTest"/>
  <testcase name="basePageNavigation" time="1.905" classname="Resources.BaseTest"/>
</testsuite> <!-- Test -->
